<?xml version="1.0" encoding="UTF-8"?>
<!-- Generated by org.testng.reporters.JUnitReportReporter -->
<testsuite hostname="DESKTOP-EP86QHV" failures="0" tests="1" name="Validation2HappyPath$TestNG" time="5.062" errors="0" timestamp="10 Aug 2023 21:17:40 GMT">
  <testcase classname="Validation2HappyPath$TestNG" name="tst" time="5.062"/>
</testsuite> <!-- Validation2HappyPath$TestNG -->
