<?xml version="1.0" encoding="UTF-8"?>
<!-- Generated by org.testng.reporters.JUnitReportReporter -->
<testsuite hostname="DESKTOP-EP86QHV" failures="0" tests="1" name="Validation5notFound$TestNG" time="4.005" errors="0" timestamp="10 Aug 2023 21:17:40 GMT">
  <testcase classname="Validation5notFound$TestNG" name="tst1" time="4.005"/>
</testsuite> <!-- Validation5notFound$TestNG -->
